{"level":"INFO","time":"2023-02-25T15:51:34.543+0800","caller":"initialize/logger.go:35","msg":"init logger success"}
{"level":"INFO","time":"2023-02-26T02:20:41.099+0800","caller":"initialize/logger.go:35","msg":"init logger success"}
{"level":"INFO","time":"2023-02-26T02:23:39.521+0800","caller":"initialize/logger.go:35","msg":"init logger success"}
{"level":"INFO","time":"2023-02-26T02:26:12.161+0800","caller":"initialize/logger.go:35","msg":"init logger success"}
{"level":"INFO","time":"2023-02-26T02:26:55.971+0800","caller":"initialize/logger.go:35","msg":"init logger success"}
{"level":"INFO","time":"2023-02-26T02:28:26.814+0800","caller":"initialize/logger.go:35","msg":"init logger success"}
{"level":"INFO","time":"2023-02-26T20:01:00.990+0800","caller":"initialize/logger.go:35","msg":"init logger success"}
{"level":"INFO","time":"2023-02-26T20:19:40.165+0800","caller":"initialize/logger.go:35","msg":"init logger success"}
{"level":"INFO","time":"2023-02-26T20:20:51.199+0800","caller":"initialize/logger.go:35","msg":"init logger success"}
{"level":"INFO","time":"2023-02-26T20:21:53.679+0800","caller":"initialize/logger.go:35","msg":"init logger success"}
{"level":"ERROR","time":"2023-02-26T20:21:58.886+0800","caller":"goods/goods.go:14","msg":"invalid character '\"' after object key:value pair"}
{"level":"ERROR","time":"2023-02-26T20:22:23.504+0800","caller":"goods/goods.go:14","msg":"invalid character '\"' after object key:value pair"}
{"level":"ERROR","time":"2023-02-26T20:22:37.359+0800","caller":"goods/goods.go:14","msg":"Key: 'ReqCreate.Sale' Error:Field validation for 'Sale' failed on the 'required' tag"}
{"level":"ERROR","time":"2023-02-26T20:22:47.702+0800","caller":"goods/goods.go:14","msg":"Key: 'ReqCreate.Sale' Error:Field validation for 'Sale' failed on the 'required' tag"}
{"level":"ERROR","time":"2023-02-26T20:24:02.214+0800","caller":"goods/goods.go:14","msg":"Key: 'ReqCreate.Sale' Error:Field validation for 'Sale' failed on the 'required' tag"}
{"level":"INFO","time":"2023-02-26T20:24:24.590+0800","caller":"initialize/logger.go:35","msg":"init logger success"}
{"level":"INFO","time":"2023-02-26T20:25:23.008+0800","caller":"initialize/logger.go:35","msg":"init logger success"}
{"level":"INFO","time":"2023-02-26T20:27:22.136+0800","caller":"initialize/logger.go:35","msg":"init logger success"}
{"level":"INFO","time":"2023-02-28T08:46:39.040+0800","caller":"initialize/logger.go:35","msg":"init logger success"}
{"level":"INFO","time":"2023-02-28T08:53:06.307+0800","caller":"initialize/logger.go:35","msg":"init logger success"}
{"level":"INFO","time":"2023-02-28T09:11:49.208+0800","caller":"initialize/logger.go:35","msg":"init logger success"}
{"level":"INFO","time":"2023-02-28T09:12:06.151+0800","caller":"initialize/logger.go:35","msg":"init logger success"}
{"level":"INFO","time":"2023-02-28T16:16:23.054+0800","caller":"initialize/logger.go:35","msg":"init logger success"}
{"level":"ERROR","time":"2023-02-28T16:19:10.287+0800","caller":"goods/goods.go:137","msg":"invalid connection"}
{"level":"INFO","time":"2023-02-28T16:19:35.805+0800","caller":"initialize/logger.go:35","msg":"init logger success"}
{"level":"INFO","time":"2023-02-28T16:20:48.163+0800","caller":"initialize/initialize.go:22","msg":"init logger success"}
{"level":"INFO","time":"2023-02-28T16:20:48.181+0800","caller":"initialize/initialize.go:29","msg":"init mysql success"}
{"level":"INFO","time":"2023-02-28T16:21:12.332+0800","caller":"goods/goods.go:142","msg":"data select failed by 0"}
{"level":"INFO","time":"2023-02-28T16:21:16.376+0800","caller":"goods/goods.go:142","msg":"data select failed by 111"}
{"level":"INFO","time":"2023-02-28T16:21:20.734+0800","caller":"goods/goods.go:142","msg":"data select failed by 212"}
{"level":"INFO","time":"2023-02-28T16:21:56.307+0800","caller":"initialize/initialize.go:22","msg":"init logger success"}
{"level":"INFO","time":"2023-02-28T16:21:56.325+0800","caller":"initialize/initialize.go:29","msg":"init mysql success"}
{"level":"INFO","time":"2023-02-28T16:22:52.759+0800","caller":"initialize/initialize.go:22","msg":"init logger success"}
{"level":"INFO","time":"2023-02-28T16:22:52.782+0800","caller":"initialize/initialize.go:29","msg":"init mysql success"}
{"level":"ERROR","time":"2023-02-28T16:23:29.095+0800","caller":"goods/goods.go:72","msg":"Error 1064 (42000): You have an error in your SQL syntax; check the manual that corresponds to your MySQL server version for the right syntax to use near '%!s(int=1)' at line 1"}
{"level":"INFO","time":"2023-02-28T16:50:52.235+0800","caller":"initialize/initialize.go:22","msg":"init logger success"}
{"level":"INFO","time":"2023-02-28T16:50:52.254+0800","caller":"initialize/initialize.go:29","msg":"init mysql success"}
{"level":"INFO","time":"2023-02-28T16:51:20.146+0800","caller":"goods/goods.go:142","msg":"data select failed by 1"}
{"level":"INFO","time":"2023-02-28T17:07:39.610+0800","caller":"goods/goods.go:39","msg":"invalid connection"}
{"level":"ERROR","time":"2023-02-28T17:18:06.598+0800","caller":"goods/goods.go:86","msg":"json: Unmarshal(non-pointer goods.ReqUpdate)"}
{"level":"ERROR","time":"2023-02-28T17:18:58.052+0800","caller":"goods/goods.go:86","msg":"json: Unmarshal(non-pointer goods.ReqUpdate)"}
{"level":"INFO","time":"2023-02-28T17:20:51.930+0800","caller":"initialize/initialize.go:22","msg":"init logger success"}
{"level":"INFO","time":"2023-02-28T17:20:51.949+0800","caller":"initialize/initialize.go:29","msg":"init mysql success"}
{"level":"INFO","time":"2023-02-28T17:21:37.202+0800","caller":"initialize/initialize.go:22","msg":"init logger success"}
{"level":"INFO","time":"2023-02-28T17:21:37.219+0800","caller":"initialize/initialize.go:29","msg":"init mysql success"}
{"level":"ERROR","time":"2023-02-28T17:21:47.713+0800","caller":"goods/goods.go:88","msg":"json: Unmarshal(non-pointer goods.ReqUpdate)"}
{"level":"ERROR","time":"2023-02-28T17:22:22.139+0800","caller":"goods/goods.go:88","msg":"json: Unmarshal(non-pointer goods.ReqUpdate)"}
{"level":"ERROR","time":"2023-02-28T17:22:30.686+0800","caller":"goods/goods.go:88","msg":"json: Unmarshal(non-pointer goods.ReqUpdate)"}
{"level":"ERROR","time":"2023-02-28T17:22:32.006+0800","caller":"goods/goods.go:88","msg":"json: Unmarshal(non-pointer goods.ReqUpdate)"}
{"level":"ERROR","time":"2023-02-28T17:24:47.204+0800","caller":"goods/goods.go:88","msg":"json: Unmarshal(non-pointer goods.ReqUpdate)"}
{"level":"INFO","time":"2023-02-28T21:49:55.037+0800","caller":"initialize/initialize.go:22","msg":"init logger success"}
{"level":"INFO","time":"2023-02-28T21:49:55.059+0800","caller":"initialize/initialize.go:29","msg":"init mysql success"}
{"level":"ERROR","time":"2023-02-28T21:50:22.851+0800","caller":"goods/goods.go:86","msg":"json: Unmarshal(non-pointer goods.ReqUpdate)"}
{"level":"INFO","time":"2023-02-28T21:51:32.149+0800","caller":"initialize/initialize.go:22","msg":"init logger success"}
{"level":"INFO","time":"2023-02-28T21:51:32.165+0800","caller":"initialize/initialize.go:29","msg":"init mysql success"}
{"level":"INFO","time":"2023-02-28T21:51:42.899+0800","caller":"initialize/initialize.go:22","msg":"init logger success"}
{"level":"INFO","time":"2023-02-28T21:51:42.916+0800","caller":"initialize/initialize.go:29","msg":"init mysql success"}
{"level":"INFO","time":"2023-02-28T21:53:09.218+0800","caller":"initialize/initialize.go:22","msg":"init logger success"}
{"level":"INFO","time":"2023-02-28T21:53:09.236+0800","caller":"initialize/initialize.go:29","msg":"init mysql success"}
{"level":"ERROR","time":"2023-02-28T21:53:13.912+0800","caller":"goods/goods.go:86","msg":"json: Unmarshal(non-pointer goods.ReqUpdate)"}
{"level":"INFO","time":"2023-02-28T21:53:30.546+0800","caller":"initialize/initialize.go:22","msg":"init logger success"}
{"level":"INFO","time":"2023-02-28T21:53:30.564+0800","caller":"initialize/initialize.go:29","msg":"init mysql success"}
{"level":"ERROR","time":"2023-02-28T21:53:33.438+0800","caller":"goods/goods.go:86","msg":"json: Unmarshal(non-pointer goods.ReqCreate)"}
{"level":"INFO","time":"2023-02-28T21:53:44.709+0800","caller":"initialize/initialize.go:22","msg":"init logger success"}
{"level":"INFO","time":"2023-02-28T21:53:44.727+0800","caller":"initialize/initialize.go:29","msg":"init mysql success"}
{"level":"ERROR","time":"2023-02-28T21:54:18.035+0800","caller":"goods/goods.go:86","msg":"json: Unmarshal(non-pointer goods.ReqCreate)"}
{"level":"INFO","time":"2023-02-28T21:54:24.397+0800","caller":"initialize/initialize.go:22","msg":"init logger success"}
{"level":"INFO","time":"2023-02-28T21:54:24.413+0800","caller":"initialize/initialize.go:29","msg":"init mysql success"}
